<?xml version="1.0" encoding="UTF-8"?>
<!-- Generated by org.testng.reporters.JUnitReportReporter -->
<testsuite hostname="e3cshv-T540" name="com.example.tests.ContactCreationTest" tests="1" failures="0" timestamp="17 Dec 2015 16:13:12 GMT" time="6.191" errors="0">
  <testcase name="testNonEmptyContactCreation" time="6.191" classname="com.example.tests.ContactCreationTest"/>
</testsuite> <!-- com.example.tests.ContactCreationTest -->
