<?xml version="1.0" encoding="UTF-8"?>
<!-- Generated by org.testng.reporters.JUnitReportReporter -->
<testsuite hostname="e3cshv-T540" name="com.example.tests.ContactCreationTest" tests="1" failures="0" timestamp="11 Dec 2015 15:33:28 GMT" time="5.281" errors="0">
  <testcase name="testNonEmptyContactCreation" time="5.281" classname="com.example.tests.ContactCreationTest"/>
</testsuite> <!-- com.example.tests.ContactCreationTest -->
