<?xml version="1.0" encoding="UTF-8"?>
<!-- Generated by org.testng.reporters.JUnitReportReporter -->
<testsuite hostname="e3cshv-T540" name="com.example.tests.GroupCreationTests" tests="2" failures="0" timestamp="11 Dec 2015 14:39:38 GMT" time="10.098" errors="0">
  <testcase name="testEmptyGroupCreation" time="5.291" classname="com.example.tests.GroupCreationTests"/>
  <testcase name="testNonEmptyGroupCreation" time="4.807" classname="com.example.tests.GroupCreationTests"/>
</testsuite> <!-- com.example.tests.GroupCreationTests -->
